2019-07-10 09:34:22.2965|SSO.Web.MvcApplication|INFO|Application_Start
2019-07-10 09:34:35.8358|SSO.Web.Controllers.AccountController|INFO|[AccountController][Login]
2019-07-10 09:34:35.8448|SSO.Web.Controllers.AccountController|INFO|[AccountController][Login]hasuser:True
2019-07-10 09:34:35.8448|SSO.Web.Controllers.AccountController|INFO|[AccountController][Login]isAuthenticated:False
2019-07-10 09:35:18.8347|SSO.WebControllers.NavigationController|INFO|[NavigationController][MenuByUser]
2019-07-10 09:35:18.8427|SSO.WebControllers.NavigationController|INFO|[NavigationController][MenuByUser]UserID:
2019-07-10 09:37:04.2684|SSO.Web.Controllers.AccountController|INFO|[AccountController][Login]UserId:B0542
2019-07-10 09:37:04.2854|SSO.Web.Controllers.AccountController|INFO|[AccountController][Login]IsValid
2019-07-10 09:37:11.8891|SSO.Web.BO.CommonUtil|INFO|HTTP_X_FORWARDED_FOR:
2019-07-10 09:37:11.9001|SSO.Web.BO.CommonUtil|INFO|ipAddress:
2019-07-10 09:37:11.9581|SSO.Web.BO.CommonUtil|INFO|ip:::1
2019-07-10 09:37:12.2442|SSO.Web.Controllers.AccountController|INFO|[Login]finally¡GB0542
2019-07-10 09:37:37.9667|SSO.WebControllers.NavigationController|INFO|[NavigationController][MenuByUser]
2019-07-10 09:37:37.9667|SSO.WebControllers.NavigationController|INFO|[NavigationController][MenuByUser]UserID:B0542
2019-07-10 09:39:46.6773|SSO.WebControllers.NavigationController|INFO|[NavigationController][MenuByUser]
2019-07-10 09:39:46.7173|SSO.WebControllers.NavigationController|INFO|[NavigationController][MenuByUser]UserID:B0542
2019-07-10 09:39:46.7543|SSO.WebControllers.NavigationController|INFO|[NavigationController][MenuByUser]menuSystem.Collections.Generic.List`1[SSO.Web.ViewModels.MenuModel]
2019-07-10 09:47:45.5671|SSO.WebControllers.NavigationController|INFO|[NavigationController][MenuByUser]
2019-07-10 09:47:45.6511|SSO.WebControllers.NavigationController|INFO|[NavigationController][MenuByUser]UserID:B0542
2019-07-10 09:47:45.6921|SSO.WebControllers.NavigationController|INFO|[NavigationController][MenuByUser]menuSystem.Collections.Generic.List`1[SSO.Web.ViewModels.MenuModel]
2019-07-10 10:13:20.3919|SSO.Web.MvcApplication|INFO|Application_Start
2019-07-10 10:13:33.6442|SSO.Web.Controllers.AccountController|INFO|[AccountController][Login]
2019-07-10 10:13:33.6672|SSO.Web.Controllers.AccountController|INFO|[AccountController][Login]hasuser:True
2019-07-10 10:13:33.6672|SSO.Web.Controllers.AccountController|INFO|[AccountController][Login]isAuthenticated:False
2019-07-10 10:15:54.7323|SSO.WebControllers.NavigationController|INFO|[NavigationController][MenuByUser]
2019-07-10 10:15:54.8753|SSO.WebControllers.NavigationController|INFO|[NavigationController][MenuByUser]UserID:
2019-07-10 10:16:28.4376|SSO.Web.Controllers.AccountController|INFO|[AccountController][Login]UserId:B0542
2019-07-10 10:16:28.4536|SSO.Web.Controllers.AccountController|INFO|[AccountController][Login]IsValid
2019-07-10 10:16:33.6843|SSO.Web.BO.CommonUtil|INFO|HTTP_X_FORWARDED_FOR:
2019-07-10 10:16:33.6843|SSO.Web.BO.CommonUtil|INFO|ipAddress:
2019-07-10 10:16:33.7153|SSO.Web.BO.CommonUtil|INFO|ip:::1
2019-07-10 10:16:33.8714|SSO.Web.Controllers.AccountController|INFO|[Login]finally¡GB0542
2019-07-10 10:17:04.3724|SSO.WebControllers.NavigationController|INFO|[NavigationController][MenuByUser]
2019-07-10 10:17:04.4114|SSO.WebControllers.NavigationController|INFO|[NavigationController][MenuByUser]UserID:B0542
2019-07-10 10:29:25.2404|SSO.WebControllers.NavigationController|INFO|[NavigationController][MenuByUser]
2019-07-10 10:29:25.3925|SSO.WebControllers.NavigationController|INFO|[NavigationController][MenuByUser]UserID:B0542
2019-07-10 10:29:25.4215|SSO.WebControllers.NavigationController|INFO|[NavigationController][MenuByUser]menuSystem.Collections.Generic.List`1[SSO.Web.ViewModels.MenuModel]
2019-07-10 10:29:56.6296|SSO.WebControllers.NavigationController|INFO|[NavigationController][MenuByUser]
2019-07-10 10:29:56.6376|SSO.WebControllers.NavigationController|INFO|[NavigationController][MenuByUser]UserID:B0542
2019-07-10 10:29:56.6376|SSO.WebControllers.NavigationController|INFO|[NavigationController][MenuByUser]menuSystem.Collections.Generic.List`1[SSO.Web.ViewModels.MenuModel]
2019-07-10 10:29:57.2996|SSO.WebControllers.NavigationController|INFO|[NavigationController][MenuByUser]
2019-07-10 10:29:57.3087|SSO.WebControllers.NavigationController|INFO|[NavigationController][MenuByUser]UserID:B0542
2019-07-10 10:29:57.3197|SSO.WebControllers.NavigationController|INFO|[NavigationController][MenuByUser]menuSystem.Collections.Generic.List`1[SSO.Web.ViewModels.MenuModel]
2019-07-10 10:33:41.7783|SSO.WebControllers.NavigationController|INFO|[NavigationController][MenuByUser]
2019-07-10 10:33:41.8033|SSO.WebControllers.NavigationController|INFO|[NavigationController][MenuByUser]UserID:B0542
2019-07-10 10:33:41.8173|SSO.WebControllers.NavigationController|INFO|[NavigationController][MenuByUser]menuSystem.Collections.Generic.List`1[SSO.Web.ViewModels.MenuModel]
2019-07-10 10:33:42.5793|SSO.WebControllers.NavigationController|INFO|[NavigationController][MenuByUser]
2019-07-10 10:33:42.5903|SSO.WebControllers.NavigationController|INFO|[NavigationController][MenuByUser]UserID:B0542
2019-07-10 10:33:42.5903|SSO.WebControllers.NavigationController|INFO|[NavigationController][MenuByUser]menuSystem.Collections.Generic.List`1[SSO.Web.ViewModels.MenuModel]
2019-07-10 10:50:01.3915|SSO.Web.MvcApplication|INFO|Application_Start
2019-07-10 10:53:38.2792|SSO.Web.Controllers.AccountController|INFO|[AccountController][Login]
2019-07-10 10:53:42.0856|SSO.Web.Controllers.AccountController|INFO|[AccountController][Login]hasuser:True
2019-07-10 10:53:42.1106|SSO.Web.Controllers.AccountController|INFO|[AccountController][Login]isAuthenticated:True
2019-07-10 10:55:37.7671|SSO.WebControllers.NavigationController|INFO|[NavigationController][MenuByUser]
2019-07-10 10:55:37.8422|SSO.WebControllers.NavigationController|INFO|[NavigationController][MenuByUser]UserID:B0542
2019-07-10 10:55:37.8762|SSO.WebControllers.NavigationController|INFO|[NavigationController][MenuByUser]menuSystem.Collections.Generic.List`1[SSO.Web.ViewModels.MenuModel]
2019-07-10 14:12:35.3679|SSO.Web.MvcApplication|INFO|Application_Start
2019-07-10 14:12:45.1389|SSO.Web.Controllers.AccountController|INFO|[AccountController][Login]
2019-07-10 14:12:45.1519|SSO.Web.Controllers.AccountController|INFO|[AccountController][Login]hasuser:True
2019-07-10 14:12:45.1629|SSO.Web.Controllers.AccountController|INFO|[AccountController][Login]isAuthenticated:False
2019-07-10 14:13:14.7688|SSO.WebControllers.NavigationController|INFO|[NavigationController][MenuByUser]
2019-07-10 14:13:14.8038|SSO.WebControllers.NavigationController|INFO|[NavigationController][MenuByUser]UserID:
2019-07-10 14:25:51.1706|SSO.Web.Controllers.AccountController|INFO|[AccountController][Login]UserId:B0542
2019-07-10 14:25:51.2316|SSO.Web.Controllers.AccountController|INFO|[AccountController][Login]IsValid
2019-07-10 14:26:03.1966|SSO.Web.BO.CommonUtil|INFO|HTTP_X_FORWARDED_FOR:
2019-07-10 14:26:03.2226|SSO.Web.BO.CommonUtil|INFO|ipAddress:
2019-07-10 14:26:03.2346|SSO.Web.BO.CommonUtil|INFO|ip:::1
2019-07-10 14:26:03.5686|SSO.Web.Controllers.AccountController|INFO|[Login]finally¡GB0542
2019-07-10 14:26:29.6426|SSO.WebControllers.NavigationController|INFO|[NavigationController][MenuByUser]
2019-07-10 14:26:29.6866|SSO.WebControllers.NavigationController|INFO|[NavigationController][MenuByUser]UserID:B0542
2019-07-10 14:37:51.4649|SSO.WebControllers.NavigationController|INFO|[NavigationController][MenuByUser]
2019-07-10 14:37:51.4849|SSO.WebControllers.NavigationController|INFO|[NavigationController][MenuByUser]UserID:B0542
2019-07-10 14:37:51.5209|SSO.WebControllers.NavigationController|INFO|[NavigationController][MenuByUser]menuSystem.Collections.Generic.List`1[SSO.Web.ViewModels.MenuModel]
2019-07-10 15:42:46.6945|SSO.Web.MvcApplication|INFO|Application_Start
2019-07-10 15:42:56.9545|SSO.Web.Controllers.AccountController|INFO|[AccountController][Login]
2019-07-10 15:42:56.9775|SSO.Web.Controllers.AccountController|INFO|[AccountController][Login]hasuser:True
2019-07-10 15:42:56.9975|SSO.Web.Controllers.AccountController|INFO|[AccountController][Login]isAuthenticated:False
2019-07-10 15:43:47.6728|SSO.WebControllers.NavigationController|INFO|[NavigationController][MenuByUser]
2019-07-10 15:43:47.7318|SSO.WebControllers.NavigationController|INFO|[NavigationController][MenuByUser]UserID:
2019-07-10 15:44:05.0253|SSO.Web.Controllers.AccountController|INFO|[AccountController][Login]UserId:B0542
2019-07-10 15:44:05.1353|SSO.Web.Controllers.AccountController|INFO|[AccountController][Login]IsValid
2019-07-10 15:44:10.6278|SSO.Web.BO.CommonUtil|INFO|HTTP_X_FORWARDED_FOR:
2019-07-10 15:44:10.6378|SSO.Web.BO.CommonUtil|INFO|ipAddress:
2019-07-10 15:44:10.6498|SSO.Web.BO.CommonUtil|INFO|ip:::1
2019-07-10 15:44:10.9269|SSO.Web.Controllers.AccountController|INFO|[Login]finally¡GB0542
2019-07-10 15:44:54.2922|SSO.WebControllers.NavigationController|INFO|[NavigationController][MenuByUser]
2019-07-10 15:44:54.3722|SSO.WebControllers.NavigationController|INFO|[NavigationController][MenuByUser]UserID:B0542
2019-07-10 16:08:16.9196|SSO.Web.MvcApplication|INFO|Application_Start
2019-07-10 16:08:37.4057|SSO.Web.Controllers.AccountController|INFO|[AccountController][Login]
2019-07-10 16:08:37.4227|SSO.Web.Controllers.AccountController|INFO|[AccountController][Login]hasuser:True
2019-07-10 16:08:37.4737|SSO.Web.Controllers.AccountController|INFO|[AccountController][Login]isAuthenticated:True
2019-07-10 16:08:57.3147|SSO.WebControllers.NavigationController|INFO|[NavigationController][MenuByUser]
2019-07-10 16:08:57.3747|SSO.WebControllers.NavigationController|INFO|[NavigationController][MenuByUser]UserID:B0542
2019-07-10 16:08:57.3887|SSO.WebControllers.NavigationController|INFO|[NavigationController][MenuByUser]menuSystem.Collections.Generic.List`1[SSO.Web.ViewModels.MenuModel]
2019-07-10 16:36:53.0254|SSO.Web.MvcApplication|INFO|Application_Start
2019-07-10 16:37:02.3524|SSO.Web.Controllers.AccountController|INFO|[AccountController][Login]
2019-07-10 16:37:02.3644|SSO.Web.Controllers.AccountController|INFO|[AccountController][Login]hasuser:True
2019-07-10 16:37:02.3644|SSO.Web.Controllers.AccountController|INFO|[AccountController][Login]isAuthenticated:False
2019-07-10 16:37:37.1814|SSO.WebControllers.NavigationController|INFO|[NavigationController][MenuByUser]
2019-07-10 16:37:37.2694|SSO.WebControllers.NavigationController|INFO|[NavigationController][MenuByUser]UserID:
2019-07-10 16:37:49.1192|SSO.Web.Controllers.AccountController|INFO|[AccountController][Login]UserId:B0542
2019-07-10 16:37:49.1412|SSO.Web.Controllers.AccountController|INFO|[AccountController][Login]IsValid
2019-07-10 16:37:52.0252|SSO.Web.BO.CommonUtil|INFO|HTTP_X_FORWARDED_FOR:
2019-07-10 16:37:52.0522|SSO.Web.BO.CommonUtil|INFO|ipAddress:
2019-07-10 16:37:52.0732|SSO.Web.BO.CommonUtil|INFO|ip:::1
2019-07-10 16:37:52.1532|SSO.Web.Controllers.AccountController|INFO|[Login]finally¡GB0542
2019-07-10 16:37:57.1282|SSO.WebControllers.NavigationController|INFO|[NavigationController][MenuByUser]
2019-07-10 16:37:57.1522|SSO.WebControllers.NavigationController|INFO|[NavigationController][MenuByUser]UserID:B0542
2019-07-10 17:23:17.8189|SSO.Web.MvcApplication|INFO|Application_Start
2019-07-10 17:23:40.9252|SSO.Web.Controllers.AccountController|INFO|[AccountController][Login]
2019-07-10 17:23:40.9252|SSO.Web.Controllers.AccountController|INFO|[AccountController][Login]hasuser:True
2019-07-10 17:23:40.9462|SSO.Web.Controllers.AccountController|INFO|[AccountController][Login]isAuthenticated:False
2019-07-10 17:24:49.7891|SSO.WebControllers.NavigationController|INFO|[NavigationController][MenuByUser]
2019-07-10 17:24:49.8781|SSO.WebControllers.NavigationController|INFO|[NavigationController][MenuByUser]UserID:
2019-07-10 17:29:55.8570|SSO.Web.Controllers.AccountController|INFO|[AccountController][Login]UserId:B0542
2019-07-10 17:29:55.9800|SSO.Web.Controllers.AccountController|INFO|[AccountController][Login]IsValid
2019-07-10 17:30:01.9676|SSO.Web.BO.CommonUtil|INFO|HTTP_X_FORWARDED_FOR:
2019-07-10 17:30:01.9676|SSO.Web.BO.CommonUtil|INFO|ipAddress:
2019-07-10 17:30:01.9867|SSO.Web.BO.CommonUtil|INFO|ip:::1
2019-07-10 17:30:02.5467|SSO.Web.Controllers.AccountController|INFO|[Login]finally¡GB0542
2019-07-10 17:31:12.3507|SSO.WebControllers.NavigationController|INFO|[NavigationController][MenuByUser]
2019-07-10 17:31:12.5177|SSO.WebControllers.NavigationController|INFO|[NavigationController][MenuByUser]UserID:B0542
2019-07-10 18:04:12.8751|SSO.Web.MvcApplication|INFO|Application_Start
2019-07-10 18:04:21.8530|SSO.Web.Controllers.AccountController|INFO|[AccountController][Login]
2019-07-10 18:04:21.8800|SSO.Web.Controllers.AccountController|INFO|[AccountController][Login]hasuser:True
2019-07-10 18:04:21.9080|SSO.Web.Controllers.AccountController|INFO|[AccountController][Login]isAuthenticated:False
2019-07-10 18:04:48.1187|SSO.WebControllers.NavigationController|INFO|[NavigationController][MenuByUser]
2019-07-10 18:04:48.1687|SSO.WebControllers.NavigationController|INFO|[NavigationController][MenuByUser]UserID:
2019-07-10 18:05:11.2862|SSO.Web.Controllers.AccountController|INFO|[AccountController][Login]UserId:B0542
2019-07-10 18:05:11.3072|SSO.Web.Controllers.AccountController|INFO|[AccountController][Login]IsValid
2019-07-10 18:05:14.8015|SSO.Web.BO.CommonUtil|INFO|HTTP_X_FORWARDED_FOR:
2019-07-10 18:05:14.8125|SSO.Web.BO.CommonUtil|INFO|ipAddress:
2019-07-10 18:05:14.8225|SSO.Web.BO.CommonUtil|INFO|ip:::1
2019-07-10 18:05:15.0766|SSO.Web.Controllers.AccountController|INFO|[Login]finally¡GB0542
2019-07-10 18:05:27.1698|SSO.WebControllers.NavigationController|INFO|[NavigationController][MenuByUser]
2019-07-10 18:05:27.1808|SSO.WebControllers.NavigationController|INFO|[NavigationController][MenuByUser]UserID:B0542
2019-07-10 18:14:28.7238|SSO.WebControllers.NavigationController|INFO|[NavigationController][MenuByUser]
2019-07-10 18:14:28.8308|SSO.WebControllers.NavigationController|INFO|[NavigationController][MenuByUser]UserID:B0542
2019-07-10 18:14:28.8578|SSO.WebControllers.NavigationController|INFO|[NavigationController][MenuByUser]menuSystem.Collections.Generic.List`1[SSO.Web.ViewModels.MenuModel]
2019-07-10 18:17:28.0725|SSO.WebControllers.NavigationController|INFO|[NavigationController][MenuByUser]
2019-07-10 18:17:28.0895|SSO.WebControllers.NavigationController|INFO|[NavigationController][MenuByUser]UserID:B0542
2019-07-10 18:17:28.0895|SSO.WebControllers.NavigationController|INFO|[NavigationController][MenuByUser]menuSystem.Collections.Generic.List`1[SSO.Web.ViewModels.MenuModel]
