2019-07-04 09:03:01.1113|SSO.Web.MvcApplication|INFO|Application_Start
2019-07-04 09:03:37.8425|SSO.Web.Controllers.AccountController|INFO|[AccountController][Login]
2019-07-04 09:03:37.8555|SSO.Web.Controllers.AccountController|INFO|[AccountController][Login]hasuser:True
2019-07-04 09:03:37.8645|SSO.Web.Controllers.AccountController|INFO|[AccountController][Login]isAuthenticated:False
2019-07-04 09:48:25.6402|SSO.WebControllers.NavigationController|INFO|[NavigationController][MenuByUser]
2019-07-04 09:48:25.6682|SSO.WebControllers.NavigationController|INFO|[NavigationController][MenuByUser]UserID:
2019-07-04 11:49:18.6228|SSO.Web.MvcApplication|INFO|Application_Start
2019-07-04 11:49:32.6443|SSO.Web.Controllers.AccountController|INFO|[AccountController][Login]
2019-07-04 11:49:32.6633|SSO.Web.Controllers.AccountController|INFO|[AccountController][Login]hasuser:True
2019-07-04 11:49:32.6843|SSO.Web.Controllers.AccountController|INFO|[AccountController][Login]isAuthenticated:False
2019-07-04 11:50:01.6397|SSO.WebControllers.NavigationController|INFO|[NavigationController][MenuByUser]
2019-07-04 11:50:01.6778|SSO.WebControllers.NavigationController|INFO|[NavigationController][MenuByUser]UserID:
2019-07-04 11:50:17.0548|SSO.Web.Controllers.AccountController|INFO|[AccountController][Login]UserId:B0542
2019-07-04 11:50:17.0548|SSO.Web.Controllers.AccountController|INFO|[AccountController][Login]IsValid
2019-07-04 11:50:19.3691|SSO.Web.BO.CommonUtil|INFO|HTTP_X_FORWARDED_FOR:
2019-07-04 11:50:19.3821|SSO.Web.BO.CommonUtil|INFO|ipAddress:
2019-07-04 11:50:19.3921|SSO.Web.BO.CommonUtil|INFO|ip:::1
2019-07-04 11:50:19.5961|SSO.Web.Controllers.AccountController|INFO|[Login]finally：B0542
2019-07-04 11:50:26.7248|SSO.WebControllers.NavigationController|INFO|[NavigationController][MenuByUser]
2019-07-04 11:50:26.7248|SSO.WebControllers.NavigationController|INFO|[NavigationController][MenuByUser]UserID:B0542
2019-07-04 13:09:19.9093|SSO.Web.MvcApplication|INFO|Application_Start
2019-07-04 13:09:35.7507|SSO.Web.Controllers.AccountController|INFO|[AccountController][Login]
2019-07-04 13:09:35.7607|SSO.Web.Controllers.AccountController|INFO|[AccountController][Login]hasuser:True
2019-07-04 13:09:35.7607|SSO.Web.Controllers.AccountController|INFO|[AccountController][Login]isAuthenticated:False
2019-07-04 13:09:59.1303|SSO.WebControllers.NavigationController|INFO|[NavigationController][MenuByUser]
2019-07-04 13:09:59.1473|SSO.WebControllers.NavigationController|INFO|[NavigationController][MenuByUser]UserID:
2019-07-04 13:12:29.4141|SSO.Web.Controllers.AccountController|INFO|[AccountController][Login]UserId:B0542
2019-07-04 13:12:29.4571|SSO.Web.Controllers.AccountController|INFO|[AccountController][Login]IsValid
2019-07-04 13:12:32.2111|SSO.Web.BO.CommonUtil|INFO|HTTP_X_FORWARDED_FOR:
2019-07-04 13:12:32.2351|SSO.Web.BO.CommonUtil|INFO|ipAddress:
2019-07-04 13:12:32.2481|SSO.Web.BO.CommonUtil|INFO|ip:::1
2019-07-04 13:12:32.3431|SSO.Web.Controllers.AccountController|INFO|[Login]finally：B0542
2019-07-04 13:12:54.3131|SSO.WebControllers.NavigationController|INFO|[NavigationController][MenuByUser]
2019-07-04 13:12:54.3231|SSO.WebControllers.NavigationController|INFO|[NavigationController][MenuByUser]UserID:B0542
2019-07-04 13:24:06.1901|SSO.Web.MvcApplication|INFO|Application_Start
2019-07-04 13:24:23.3649|SSO.Web.Controllers.AccountController|INFO|[AccountController][Login]
2019-07-04 13:24:23.3899|SSO.Web.Controllers.AccountController|INFO|[AccountController][Login]hasuser:True
2019-07-04 13:24:23.4519|SSO.Web.Controllers.AccountController|INFO|[AccountController][Login]isAuthenticated:True
2019-07-04 13:25:07.2012|SSO.WebControllers.NavigationController|INFO|[NavigationController][MenuByUser]
2019-07-04 13:25:07.2362|SSO.WebControllers.NavigationController|INFO|[NavigationController][MenuByUser]UserID:B0542
2019-07-04 13:25:07.2542|SSO.WebControllers.NavigationController|INFO|[NavigationController][MenuByUser]menuSystem.Collections.Generic.List`1[SSO.Web.ViewModels.MenuModel]
2019-07-04 13:34:36.7356|SSO.Web.MvcApplication|INFO|Application_Start
2019-07-04 13:34:41.1770|SSO.Web.Controllers.AccountController|INFO|[AccountController][Login]
2019-07-04 13:34:41.1910|SSO.Web.Controllers.AccountController|INFO|[AccountController][Login]hasuser:True
2019-07-04 13:34:41.2030|SSO.Web.Controllers.AccountController|INFO|[AccountController][Login]isAuthenticated:True
2019-07-04 13:34:59.6575|SSO.WebControllers.NavigationController|INFO|[NavigationController][MenuByUser]
2019-07-04 13:34:59.6975|SSO.WebControllers.NavigationController|INFO|[NavigationController][MenuByUser]UserID:B0542
2019-07-04 13:34:59.7135|SSO.WebControllers.NavigationController|INFO|[NavigationController][MenuByUser]menuSystem.Collections.Generic.List`1[SSO.Web.ViewModels.MenuModel]
2019-07-04 13:37:14.3046|SSO.Web.Controllers.AccountController|INFO|[AccountController][Logout]Session[UserID]:B0542
2019-07-04 13:37:17.4869|SSO.Web.BO.CommonUtil|INFO|HTTP_X_FORWARDED_FOR:
2019-07-04 13:37:17.4999|SSO.Web.BO.CommonUtil|INFO|ipAddress:
2019-07-04 13:37:17.5149|SSO.Web.BO.CommonUtil|INFO|ip:::1
2019-07-04 13:37:18.4680|SSO.Web.Controllers.AccountController|ERROR|[AccountController][Logout]e:System.NullReferenceException: 並未將物件參考設定為物件的執行個體。
   於 SSO.Web.Controllers.AccountController.Logout() 於 D:\財會精算系統科\Programs\Receipt\Fubon.Receipt\SSO.Web\Controllers\AccountController.cs: 行 226
2019-07-04 13:37:18.6760|SSO.Web.Controllers.AccountController|INFO|[AccountController][Login]
2019-07-04 13:37:18.6860|SSO.Web.Controllers.AccountController|INFO|[AccountController][Login]hasuser:True
2019-07-04 13:37:18.6961|SSO.Web.Controllers.AccountController|INFO|[AccountController][Login]isAuthenticated:True
2019-07-04 13:38:38.5120|SSO.WebControllers.NavigationController|INFO|[NavigationController][MenuByUser]
2019-07-04 13:38:38.6270|SSO.WebControllers.NavigationController|INFO|[NavigationController][MenuByUser]UserID:
2019-07-04 13:39:02.3761|SSO.Web.Controllers.AccountController|INFO|[AccountController][Login]UserId:B0542
2019-07-04 13:39:02.3951|SSO.Web.Controllers.AccountController|INFO|[AccountController][Login]IsValid
2019-07-04 13:39:06.7825|SSO.Web.BO.CommonUtil|INFO|HTTP_X_FORWARDED_FOR:
2019-07-04 13:39:06.7985|SSO.Web.BO.CommonUtil|INFO|ipAddress:
2019-07-04 13:39:06.8125|SSO.Web.BO.CommonUtil|INFO|ip:::1
2019-07-04 13:39:06.8915|SSO.Web.Controllers.AccountController|INFO|[Login]finally：B0542
2019-07-04 13:39:30.0974|SSO.WebControllers.NavigationController|INFO|[NavigationController][MenuByUser]
2019-07-04 13:39:30.1214|SSO.WebControllers.NavigationController|INFO|[NavigationController][MenuByUser]UserID:B0542
2019-07-04 14:06:26.3588|SSO.Web.MvcApplication|INFO|Application_Start
2019-07-04 14:06:40.5588|SSO.Web.Controllers.AccountController|INFO|[AccountController][Login]
2019-07-04 14:06:40.5788|SSO.Web.Controllers.AccountController|INFO|[AccountController][Login]hasuser:True
2019-07-04 14:06:40.5958|SSO.Web.Controllers.AccountController|INFO|[AccountController][Login]isAuthenticated:False
2019-07-04 14:07:16.6738|SSO.WebControllers.NavigationController|INFO|[NavigationController][MenuByUser]
2019-07-04 14:07:16.7018|SSO.WebControllers.NavigationController|INFO|[NavigationController][MenuByUser]UserID:
2019-07-04 14:07:37.5706|SSO.Web.Controllers.AccountController|INFO|[AccountController][Login]UserId:B0542
2019-07-04 14:07:37.5836|SSO.Web.Controllers.AccountController|INFO|[AccountController][Login]IsValid
2019-07-04 14:07:40.2526|SSO.Web.BO.CommonUtil|INFO|HTTP_X_FORWARDED_FOR:
2019-07-04 14:07:40.2706|SSO.Web.BO.CommonUtil|INFO|ipAddress:
2019-07-04 14:07:40.2896|SSO.Web.BO.CommonUtil|INFO|ip:::1
2019-07-04 14:07:40.3556|SSO.Web.Controllers.AccountController|INFO|[Login]finally：B0542
2019-07-04 14:08:09.5346|SSO.WebControllers.NavigationController|INFO|[NavigationController][MenuByUser]
2019-07-04 14:08:09.5556|SSO.WebControllers.NavigationController|INFO|[NavigationController][MenuByUser]UserID:B0542
2019-07-04 14:20:18.7542|SSO.Web.MvcApplication|INFO|Application_Start
2019-07-04 14:20:39.7643|SSO.Web.Controllers.AccountController|INFO|[AccountController][Login]
2019-07-04 14:20:39.8323|SSO.Web.Controllers.AccountController|INFO|[AccountController][Login]hasuser:True
2019-07-04 14:20:39.8553|SSO.Web.Controllers.AccountController|INFO|[AccountController][Login]isAuthenticated:True
2019-07-04 14:21:45.6779|SSO.WebControllers.NavigationController|INFO|[NavigationController][MenuByUser]
2019-07-04 14:21:45.7979|SSO.WebControllers.NavigationController|INFO|[NavigationController][MenuByUser]UserID:B0542
2019-07-04 14:21:45.8179|SSO.WebControllers.NavigationController|INFO|[NavigationController][MenuByUser]menuSystem.Collections.Generic.List`1[SSO.Web.ViewModels.MenuModel]
2019-07-04 14:39:55.4298|SSO.Web.MvcApplication|INFO|Application_Start
2019-07-04 14:40:10.3113|SSO.Web.Controllers.AccountController|INFO|[AccountController][Login]
2019-07-04 14:40:10.3493|SSO.Web.Controllers.AccountController|INFO|[AccountController][Login]hasuser:True
2019-07-04 14:40:10.3733|SSO.Web.Controllers.AccountController|INFO|[AccountController][Login]isAuthenticated:False
2019-07-04 14:40:40.0113|SSO.WebControllers.NavigationController|INFO|[NavigationController][MenuByUser]
2019-07-04 14:40:40.0863|SSO.WebControllers.NavigationController|INFO|[NavigationController][MenuByUser]UserID:B0542
2019-07-04 14:40:40.1013|SSO.WebControllers.NavigationController|INFO|[NavigationController][MenuByUser]menuSystem.Collections.Generic.List`1[SSO.Web.ViewModels.MenuModel]
2019-07-04 14:41:12.6336|SSO.Web.Controllers.AccountController|INFO|[AccountController][Login]UserId:B0542
2019-07-04 14:41:12.6556|SSO.Web.Controllers.AccountController|INFO|[AccountController][Login]IsValid
2019-07-04 14:41:16.8490|SSO.Web.BO.CommonUtil|INFO|HTTP_X_FORWARDED_FOR:
2019-07-04 14:41:16.8670|SSO.Web.BO.CommonUtil|INFO|ipAddress:
2019-07-04 14:41:16.8670|SSO.Web.BO.CommonUtil|INFO|ip:::1
2019-07-04 14:41:17.1260|SSO.Web.Controllers.AccountController|INFO|[Login]finally：B0542
2019-07-04 14:41:39.5632|SSO.WebControllers.NavigationController|INFO|[NavigationController][MenuByUser]
2019-07-04 14:41:39.5752|SSO.WebControllers.NavigationController|INFO|[NavigationController][MenuByUser]UserID:B0542
2019-07-04 15:46:11.5524|SSO.Web.MvcApplication|INFO|Application_Start
2019-07-04 15:46:57.7720|SSO.WebControllers.NavigationController|INFO|[NavigationController][MenuByUser]
2019-07-04 15:46:57.7941|SSO.WebControllers.NavigationController|INFO|[NavigationController][MenuByUser]UserID:
2019-07-04 15:46:58.6081|SSO.WebControllers.NavigationController|INFO|[NavigationController][MenuByUser]
2019-07-04 15:46:58.6371|SSO.WebControllers.NavigationController|INFO|[NavigationController][MenuByUser]UserID:
2019-07-04 15:46:58.9972|SSO.Web.Controllers.AccountController|INFO|[AccountController][Login]
2019-07-04 15:46:58.9972|SSO.Web.Controllers.AccountController|INFO|[AccountController][Login]hasuser:True
2019-07-04 15:46:59.0122|SSO.Web.Controllers.AccountController|INFO|[AccountController][Login]isAuthenticated:False
2019-07-04 15:46:59.4592|SSO.WebControllers.NavigationController|INFO|[NavigationController][MenuByUser]
2019-07-04 15:46:59.4682|SSO.WebControllers.NavigationController|INFO|[NavigationController][MenuByUser]UserID:
2019-07-04 15:47:00.1623|SSO.WebControllers.NavigationController|INFO|[NavigationController][MenuByUser]
2019-07-04 15:47:00.1813|SSO.WebControllers.NavigationController|INFO|[NavigationController][MenuByUser]UserID:
2019-07-04 15:47:00.5113|SSO.WebControllers.NavigationController|INFO|[NavigationController][MenuByUser]
2019-07-04 15:47:00.5113|SSO.WebControllers.NavigationController|INFO|[NavigationController][MenuByUser]UserID:
2019-07-04 15:47:01.0534|SSO.WebControllers.NavigationController|INFO|[NavigationController][MenuByUser]
2019-07-04 15:47:01.0644|SSO.WebControllers.NavigationController|INFO|[NavigationController][MenuByUser]UserID:
2019-07-04 15:47:01.5354|SSO.WebControllers.NavigationController|INFO|[NavigationController][MenuByUser]
2019-07-04 15:47:01.5654|SSO.WebControllers.NavigationController|INFO|[NavigationController][MenuByUser]UserID:
2019-07-04 15:51:41.7844|SSO.Web.MvcApplication|INFO|Application_Start
2019-07-04 15:51:52.3635|SSO.Web.Controllers.AccountController|INFO|[AccountController][Login]
2019-07-04 15:51:52.4255|SSO.Web.Controllers.AccountController|INFO|[AccountController][Login]hasuser:True
2019-07-04 15:51:52.4465|SSO.Web.Controllers.AccountController|INFO|[AccountController][Login]isAuthenticated:False
2019-07-04 15:52:56.4949|SSO.WebControllers.NavigationController|INFO|[NavigationController][MenuByUser]
2019-07-04 15:52:56.5169|SSO.WebControllers.NavigationController|INFO|[NavigationController][MenuByUser]UserID:
2019-07-04 15:53:52.2275|SSO.Web.MvcApplication|INFO|Application_Start
2019-07-04 15:53:54.9978|SSO.Web.Controllers.AccountController|INFO|[AccountController][Login]UserId:B0542
2019-07-04 15:53:55.0088|SSO.Web.Controllers.AccountController|INFO|[AccountController][Login]IsValid
2019-07-04 15:54:10.9454|SSO.Web.BO.CommonUtil|INFO|HTTP_X_FORWARDED_FOR:
2019-07-04 15:54:10.9574|SSO.Web.BO.CommonUtil|INFO|ipAddress:
2019-07-04 15:54:10.9674|SSO.Web.BO.CommonUtil|INFO|ip:::1
2019-07-04 15:54:11.4244|SSO.Web.Controllers.AccountController|INFO|[Login]finally：B0542
2019-07-04 15:54:17.4430|SSO.WebControllers.NavigationController|INFO|[NavigationController][MenuByUser]
2019-07-04 15:54:17.4430|SSO.WebControllers.NavigationController|INFO|[NavigationController][MenuByUser]UserID:B0542
2019-07-04 15:58:28.9262|SSO.Web.MvcApplication|INFO|Application_Start
2019-07-04 15:58:33.3586|SSO.Web.Controllers.AccountController|INFO|[AccountController][Login]
2019-07-04 15:58:33.4536|SSO.Web.Controllers.AccountController|INFO|[AccountController][Login]hasuser:True
2019-07-04 15:58:33.4756|SSO.Web.Controllers.AccountController|INFO|[AccountController][Login]isAuthenticated:True
2019-07-04 15:58:45.0578|SSO.WebControllers.NavigationController|INFO|[NavigationController][MenuByUser]
2019-07-04 15:58:45.0578|SSO.WebControllers.NavigationController|INFO|[NavigationController][MenuByUser]UserID:B0542
2019-07-04 15:58:45.0848|SSO.WebControllers.NavigationController|INFO|[NavigationController][MenuByUser]menuSystem.Collections.Generic.List`1[SSO.Web.ViewModels.MenuModel]
2019-07-04 16:03:29.2302|SSO.Web.MvcApplication|INFO|Application_Start
2019-07-04 16:09:46.1887|SSO.Web.MvcApplication|INFO|Application_Start
2019-07-04 16:11:21.1987|SSO.Web.Controllers.AccountController|INFO|[AccountController][Login]
2019-07-04 16:11:21.2387|SSO.Web.Controllers.AccountController|INFO|[AccountController][Login]hasuser:True
2019-07-04 16:11:21.2527|SSO.Web.Controllers.AccountController|INFO|[AccountController][Login]isAuthenticated:True
2019-07-04 16:12:18.4057|SSO.WebControllers.NavigationController|INFO|[NavigationController][MenuByUser]
2019-07-04 16:12:18.4667|SSO.WebControllers.NavigationController|INFO|[NavigationController][MenuByUser]UserID:B0542
2019-07-04 16:12:18.4897|SSO.WebControllers.NavigationController|INFO|[NavigationController][MenuByUser]menuSystem.Collections.Generic.List`1[SSO.Web.ViewModels.MenuModel]
2019-07-04 16:12:58.5167|SSO.Web.Controllers.AccountController|INFO|[AccountController][Logout]Session[UserID]:B0542
2019-07-04 16:13:01.0587|SSO.Web.BO.CommonUtil|INFO|HTTP_X_FORWARDED_FOR:
2019-07-04 16:13:01.0817|SSO.Web.BO.CommonUtil|INFO|ipAddress:
2019-07-04 16:13:01.1027|SSO.Web.BO.CommonUtil|INFO|ip:::1
2019-07-04 16:13:01.3647|SSO.Web.Controllers.AccountController|ERROR|[AccountController][Logout]e:System.NullReferenceException: 並未將物件參考設定為物件的執行個體。
   於 SSO.Web.Controllers.AccountController.Logout() 於 D:\財會精算系統科\Programs\Receipt\Fubon.Receipt\SSO.Web\Controllers\AccountController.cs: 行 226
2019-07-04 16:13:01.5337|SSO.Web.Controllers.AccountController|INFO|[AccountController][Login]
2019-07-04 16:13:01.5637|SSO.Web.Controllers.AccountController|INFO|[AccountController][Login]hasuser:True
2019-07-04 16:13:01.5907|SSO.Web.Controllers.AccountController|INFO|[AccountController][Login]isAuthenticated:True
2019-07-04 16:14:01.1718|SSO.Web.Controllers.AccountController|INFO|[AccountController][Login]
2019-07-04 16:14:01.4748|SSO.Web.Controllers.AccountController|INFO|[AccountController][Login]hasuser:True
2019-07-04 16:14:01.6558|SSO.Web.Controllers.AccountController|INFO|[AccountController][Login]isAuthenticated:False
2019-07-04 16:14:18.7755|SSO.WebControllers.NavigationController|INFO|[NavigationController][MenuByUser]
2019-07-04 16:14:18.7905|SSO.WebControllers.NavigationController|INFO|[NavigationController][MenuByUser]UserID:
2019-07-04 16:14:18.8865|SSO.WebControllers.NavigationController|INFO|[NavigationController][MenuByUser]
2019-07-04 16:14:18.9235|SSO.WebControllers.NavigationController|INFO|[NavigationController][MenuByUser]UserID:
2019-07-04 16:15:12.9829|SSO.Web.Controllers.AccountController|INFO|[AccountController][Login]UserId:B0542
2019-07-04 16:15:13.0669|SSO.Web.Controllers.AccountController|INFO|[AccountController][Login]IsValid
2019-07-04 16:15:16.1243|SSO.Web.BO.CommonUtil|INFO|HTTP_X_FORWARDED_FOR:
2019-07-04 16:15:16.1523|SSO.Web.BO.CommonUtil|INFO|ipAddress:
2019-07-04 16:15:16.1963|SSO.Web.BO.CommonUtil|INFO|ip:::1
2019-07-04 16:15:16.2593|SSO.Web.Controllers.AccountController|INFO|[Login]finally：B0542
2019-07-04 16:15:16.6073|SSO.WebControllers.NavigationController|INFO|[NavigationController][MenuByUser]
2019-07-04 16:15:16.6313|SSO.WebControllers.NavigationController|INFO|[NavigationController][MenuByUser]UserID:B0542
2019-07-04 16:22:37.5774|SSO.Web.MvcApplication|INFO|Application_Start
2019-07-04 16:23:38.6575|SSO.Web.Controllers.AccountController|INFO|[AccountController][Login]
2019-07-04 16:23:38.6575|SSO.Web.Controllers.AccountController|INFO|[AccountController][Login]
2019-07-04 16:23:38.6575|SSO.Web.Controllers.AccountController|INFO|[AccountController][Login]
2019-07-04 16:23:38.8015|SSO.Web.Controllers.AccountController|INFO|[AccountController][Login]hasuser:True
2019-07-04 16:23:38.8785|SSO.Web.Controllers.AccountController|INFO|[AccountController][Login]hasuser:True
2019-07-04 16:23:38.8965|SSO.Web.Controllers.AccountController|INFO|[AccountController][Login]hasuser:True
2019-07-04 16:23:38.9145|SSO.Web.Controllers.AccountController|INFO|[AccountController][Login]isAuthenticated:False
2019-07-04 16:23:38.9335|SSO.Web.Controllers.AccountController|INFO|[AccountController][Login]isAuthenticated:False
2019-07-04 16:23:38.9505|SSO.Web.Controllers.AccountController|INFO|[AccountController][Login]isAuthenticated:True
2019-07-04 16:29:09.1675|SSO.Web.MvcApplication|INFO|Application_Start
2019-07-04 16:29:27.2054|SSO.Web.Controllers.AccountController|INFO|[AccountController][Login]
2019-07-04 16:29:27.2204|SSO.Web.Controllers.AccountController|INFO|[AccountController][Login]hasuser:True
2019-07-04 16:29:27.2624|SSO.Web.Controllers.AccountController|INFO|[AccountController][Login]isAuthenticated:True
2019-07-04 16:29:59.8256|SSO.WebControllers.NavigationController|INFO|[NavigationController][MenuByUser]
2019-07-04 16:29:59.8436|SSO.WebControllers.NavigationController|INFO|[NavigationController][MenuByUser]UserID:
2019-07-04 16:30:28.5575|SSO.Web.Controllers.AccountController|INFO|[AccountController][Login]UserId:B0542
2019-07-04 16:30:28.5845|SSO.Web.Controllers.AccountController|INFO|[AccountController][Login]IsValid
2019-07-04 16:30:31.7858|SSO.Web.BO.CommonUtil|INFO|HTTP_X_FORWARDED_FOR:
2019-07-04 16:30:31.7988|SSO.Web.BO.CommonUtil|INFO|ipAddress:
2019-07-04 16:30:31.8118|SSO.Web.BO.CommonUtil|INFO|ip:::1
2019-07-04 16:30:31.9628|SSO.Web.Controllers.AccountController|INFO|[Login]finally：B0542
2019-07-04 16:30:49.6266|SSO.WebControllers.NavigationController|INFO|[NavigationController][MenuByUser]
2019-07-04 16:30:49.6396|SSO.WebControllers.NavigationController|INFO|[NavigationController][MenuByUser]UserID:B0542
2019-07-04 16:40:12.4879|SSO.Web.MvcApplication|INFO|Application_Start
2019-07-04 16:40:32.6019|SSO.Web.Controllers.AccountController|INFO|[AccountController][Login]
2019-07-04 16:40:32.6129|SSO.Web.Controllers.AccountController|INFO|[AccountController][Login]hasuser:True
2019-07-04 16:40:32.6369|SSO.Web.Controllers.AccountController|INFO|[AccountController][Login]isAuthenticated:False
2019-07-04 16:41:16.6273|SSO.WebControllers.NavigationController|INFO|[NavigationController][MenuByUser]
2019-07-04 16:41:16.6453|SSO.WebControllers.NavigationController|INFO|[NavigationController][MenuByUser]UserID:
2019-07-04 16:41:25.9692|SSO.Web.Controllers.AccountController|INFO|[AccountController][Login]UserId:B0542
2019-07-04 16:41:25.9852|SSO.Web.Controllers.AccountController|INFO|[AccountController][Login]IsValid
2019-07-04 16:41:31.0607|SSO.Web.BO.CommonUtil|INFO|HTTP_X_FORWARDED_FOR:
2019-07-04 16:41:31.0607|SSO.Web.BO.CommonUtil|INFO|ipAddress:
2019-07-04 16:41:31.0897|SSO.Web.BO.CommonUtil|INFO|ip:::1
2019-07-04 16:41:31.6388|SSO.Web.Controllers.AccountController|INFO|[Login]finally：B0542
2019-07-04 16:41:39.0475|SSO.WebControllers.NavigationController|INFO|[NavigationController][MenuByUser]
2019-07-04 16:41:39.0605|SSO.WebControllers.NavigationController|INFO|[NavigationController][MenuByUser]UserID:B0542
2019-07-04 16:57:39.9302|SSO.Web.MvcApplication|INFO|Application_Start
2019-07-04 16:57:55.5432|SSO.Web.Controllers.AccountController|INFO|[AccountController][Login]
2019-07-04 16:57:55.5612|SSO.Web.Controllers.AccountController|INFO|[AccountController][Login]hasuser:True
2019-07-04 16:57:55.5822|SSO.Web.Controllers.AccountController|INFO|[AccountController][Login]isAuthenticated:False
2019-07-04 16:58:24.8552|SSO.WebControllers.NavigationController|INFO|[NavigationController][MenuByUser]
2019-07-04 16:58:24.8672|SSO.WebControllers.NavigationController|INFO|[NavigationController][MenuByUser]UserID:
2019-07-04 17:02:01.9272|SSO.Web.Controllers.AccountController|INFO|[AccountController][Login]UserId:B0542
2019-07-04 17:02:02.1732|SSO.Web.Controllers.AccountController|INFO|[AccountController][Login]IsValid
2019-07-04 17:02:05.5782|SSO.Web.BO.CommonUtil|INFO|HTTP_X_FORWARDED_FOR:
2019-07-04 17:02:05.5912|SSO.Web.BO.CommonUtil|INFO|ipAddress:
2019-07-04 17:02:05.6052|SSO.Web.BO.CommonUtil|INFO|ip:::1
2019-07-04 17:02:05.7642|SSO.Web.Controllers.AccountController|INFO|[Login]finally：B0542
2019-07-04 17:02:44.0702|SSO.WebControllers.NavigationController|INFO|[NavigationController][MenuByUser]
2019-07-04 17:02:44.0902|SSO.WebControllers.NavigationController|INFO|[NavigationController][MenuByUser]UserID:B0542
2019-07-04 17:15:03.9912|SSO.Web.MvcApplication|INFO|Application_Start
2019-07-04 17:15:12.6232|SSO.Web.Controllers.AccountController|INFO|[AccountController][Login]
2019-07-04 17:15:12.6702|SSO.Web.Controllers.AccountController|INFO|[AccountController][Login]hasuser:True
2019-07-04 17:15:12.7212|SSO.Web.Controllers.AccountController|INFO|[AccountController][Login]isAuthenticated:False
2019-07-04 17:15:38.6692|SSO.WebControllers.NavigationController|INFO|[NavigationController][MenuByUser]
2019-07-04 17:15:38.6952|SSO.WebControllers.NavigationController|INFO|[NavigationController][MenuByUser]UserID:
2019-07-04 17:15:55.9572|SSO.Web.Controllers.AccountController|INFO|[AccountController][Login]UserId:B0542
2019-07-04 17:15:55.9972|SSO.Web.Controllers.AccountController|INFO|[AccountController][Login]IsValid
2019-07-04 17:16:04.7442|SSO.Web.BO.CommonUtil|INFO|HTTP_X_FORWARDED_FOR:
2019-07-04 17:16:04.7902|SSO.Web.BO.CommonUtil|INFO|ipAddress:
2019-07-04 17:16:04.8132|SSO.Web.BO.CommonUtil|INFO|ip:::1
2019-07-04 17:16:05.2992|SSO.Web.Controllers.AccountController|INFO|[Login]finally：B0542
2019-07-04 17:16:06.5082|SSO.WebControllers.NavigationController|INFO|[NavigationController][MenuByUser]
2019-07-04 17:16:06.5332|SSO.WebControllers.NavigationController|INFO|[NavigationController][MenuByUser]UserID:B0542
2019-07-04 17:26:34.9505|SSO.Web.MvcApplication|INFO|Application_Start
2019-07-04 17:26:51.3240|SSO.Web.Controllers.AccountController|INFO|[AccountController][Login]
2019-07-04 17:26:51.3380|SSO.Web.Controllers.AccountController|INFO|[AccountController][Login]hasuser:True
2019-07-04 17:26:51.3620|SSO.Web.Controllers.AccountController|INFO|[AccountController][Login]isAuthenticated:False
2019-07-04 17:28:19.3318|SSO.WebControllers.NavigationController|INFO|[NavigationController][MenuByUser]
2019-07-04 17:28:20.2519|SSO.WebControllers.NavigationController|INFO|[NavigationController][MenuByUser]UserID:
2019-07-04 17:28:52.0141|SSO.Web.Controllers.AccountController|INFO|[AccountController][Login]UserId:B0542
2019-07-04 17:28:52.0431|SSO.Web.Controllers.AccountController|INFO|[AccountController][Login]IsValid
2019-07-04 17:28:58.6427|SSO.Web.BO.CommonUtil|INFO|HTTP_X_FORWARDED_FOR:
2019-07-04 17:28:58.6577|SSO.Web.BO.CommonUtil|INFO|ipAddress:
2019-07-04 17:28:58.6707|SSO.Web.BO.CommonUtil|INFO|ip:::1
2019-07-04 17:28:58.8367|SSO.Web.Controllers.AccountController|INFO|[Login]finally：B0542
2019-07-04 17:29:55.4464|SSO.WebControllers.NavigationController|INFO|[NavigationController][MenuByUser]
2019-07-04 17:29:55.5544|SSO.WebControllers.NavigationController|INFO|[NavigationController][MenuByUser]UserID:B0542
2019-07-04 17:47:49.2368|SSO.Web.MvcApplication|INFO|Application_Start
2019-07-04 17:50:57.8024|SSO.Web.Controllers.AccountController|INFO|[AccountController][Login]
2019-07-04 17:50:57.8184|SSO.Web.Controllers.AccountController|INFO|[AccountController][Login]hasuser:True
2019-07-04 17:50:57.8364|SSO.Web.Controllers.AccountController|INFO|[AccountController][Login]isAuthenticated:True
2019-07-04 17:51:55.2816|SSO.WebControllers.NavigationController|INFO|[NavigationController][MenuByUser]
2019-07-04 17:51:55.3756|SSO.WebControllers.NavigationController|INFO|[NavigationController][MenuByUser]UserID:B0542
2019-07-04 17:51:55.3936|SSO.WebControllers.NavigationController|INFO|[NavigationController][MenuByUser]menuSystem.Collections.Generic.List`1[SSO.Web.ViewModels.MenuModel]
2019-07-04 17:58:27.7700|SSO.Web.MvcApplication|INFO|Application_Start
2019-07-04 17:58:42.3160|SSO.Web.Controllers.AccountController|INFO|[AccountController][Login]
2019-07-04 17:58:42.3340|SSO.Web.Controllers.AccountController|INFO|[AccountController][Login]hasuser:True
2019-07-04 17:58:42.3520|SSO.Web.Controllers.AccountController|INFO|[AccountController][Login]isAuthenticated:False
2019-07-04 17:59:21.8980|SSO.WebControllers.NavigationController|INFO|[NavigationController][MenuByUser]
2019-07-04 17:59:21.9090|SSO.WebControllers.NavigationController|INFO|[NavigationController][MenuByUser]UserID:
