2019-07-08 10:04:15.0066|SSO.Web.MvcApplication|INFO|Application_Start
2019-07-08 10:04:42.3636|SSO.Web.Controllers.AccountController|INFO|[AccountController][Login]
2019-07-08 10:04:42.3826|SSO.Web.Controllers.AccountController|INFO|[AccountController][Login]hasuser:True
2019-07-08 10:04:42.4016|SSO.Web.Controllers.AccountController|INFO|[AccountController][Login]isAuthenticated:False
2019-07-08 10:06:15.7066|SSO.WebControllers.NavigationController|INFO|[NavigationController][MenuByUser]
2019-07-08 10:06:15.7136|SSO.WebControllers.NavigationController|INFO|[NavigationController][MenuByUser]UserID:
2019-07-08 10:06:51.3956|SSO.Web.Controllers.AccountController|INFO|[AccountController][Login]UserId:B0542
2019-07-08 10:06:51.4046|SSO.Web.Controllers.AccountController|INFO|[AccountController][Login]IsValid
2019-07-08 10:06:56.0946|SSO.Web.BO.CommonUtil|INFO|HTTP_X_FORWARDED_FOR:
2019-07-08 10:06:56.0946|SSO.Web.BO.CommonUtil|INFO|ipAddress:
2019-07-08 10:06:56.1116|SSO.Web.BO.CommonUtil|INFO|ip:::1
2019-07-08 10:06:56.2656|SSO.Web.Controllers.AccountController|INFO|[Login]finally¡GB0542
2019-07-08 10:07:13.0156|SSO.WebControllers.NavigationController|INFO|[NavigationController][MenuByUser]
2019-07-08 10:07:13.0236|SSO.WebControllers.NavigationController|INFO|[NavigationController][MenuByUser]UserID:B0542
2019-07-08 10:14:58.0101|SSO.WebControllers.NavigationController|INFO|[NavigationController][MenuByUser]
2019-07-08 10:14:58.0672|SSO.WebControllers.NavigationController|INFO|[NavigationController][MenuByUser]UserID:B0542
2019-07-08 10:14:58.0752|SSO.WebControllers.NavigationController|INFO|[NavigationController][MenuByUser]menuSystem.Collections.Generic.List`1[SSO.Web.ViewModels.MenuModel]
2019-07-08 10:16:05.8204|SSO.WebControllers.NavigationController|INFO|[NavigationController][MenuByUser]
2019-07-08 10:16:05.8985|SSO.WebControllers.NavigationController|INFO|[NavigationController][MenuByUser]UserID:B0542
2019-07-08 10:16:05.9145|SSO.WebControllers.NavigationController|INFO|[NavigationController][MenuByUser]menuSystem.Collections.Generic.List`1[SSO.Web.ViewModels.MenuModel]
2019-07-08 10:17:19.7322|SSO.WebControllers.NavigationController|INFO|[NavigationController][MenuByUser]
2019-07-08 10:17:19.8152|SSO.WebControllers.NavigationController|INFO|[NavigationController][MenuByUser]UserID:B0542
2019-07-08 10:17:19.8632|SSO.WebControllers.NavigationController|INFO|[NavigationController][MenuByUser]menuSystem.Collections.Generic.List`1[SSO.Web.ViewModels.MenuModel]
2019-07-08 10:25:07.0433|SSO.Web.MvcApplication|INFO|Application_Start
2019-07-08 10:25:26.7164|SSO.Web.Controllers.AccountController|INFO|[AccountController][Login]
2019-07-08 10:25:26.7164|SSO.Web.Controllers.AccountController|INFO|[AccountController][Login]hasuser:True
2019-07-08 10:25:26.7374|SSO.Web.Controllers.AccountController|INFO|[AccountController][Login]isAuthenticated:False
2019-07-08 10:28:01.3119|SSO.WebControllers.NavigationController|INFO|[NavigationController][MenuByUser]
2019-07-08 10:28:01.3209|SSO.WebControllers.NavigationController|INFO|[NavigationController][MenuByUser]UserID:
2019-07-08 11:07:58.2191|SSO.Web.MvcApplication|INFO|Application_Start
2019-07-08 11:08:11.9824|SSO.Web.Controllers.AccountController|INFO|[AccountController][Login]
2019-07-08 11:08:11.9824|SSO.Web.Controllers.AccountController|INFO|[AccountController][Login]
2019-07-08 11:08:12.0774|SSO.Web.Controllers.AccountController|INFO|[AccountController][Login]hasuser:True
2019-07-08 11:08:12.0894|SSO.Web.Controllers.AccountController|INFO|[AccountController][Login]hasuser:True
2019-07-08 11:08:12.0894|SSO.Web.Controllers.AccountController|INFO|[AccountController][Login]isAuthenticated:False
2019-07-08 11:08:12.1094|SSO.Web.Controllers.AccountController|INFO|[AccountController][Login]isAuthenticated:False
2019-07-08 11:09:36.6659|SSO.WebControllers.NavigationController|INFO|[NavigationController][MenuByUser]
2019-07-08 11:09:36.6659|SSO.WebControllers.NavigationController|INFO|[NavigationController][MenuByUser]
2019-07-08 11:09:36.7559|SSO.WebControllers.NavigationController|INFO|[NavigationController][MenuByUser]UserID:
2019-07-08 11:09:36.7829|SSO.WebControllers.NavigationController|INFO|[NavigationController][MenuByUser]UserID:
2019-07-08 11:10:00.5153|SSO.Web.Controllers.AccountController|INFO|[AccountController][Login]UserId:B0542
2019-07-08 11:10:00.5413|SSO.Web.Controllers.AccountController|INFO|[AccountController][Login]IsValid
2019-07-08 11:10:06.6169|SSO.Web.BO.CommonUtil|INFO|HTTP_X_FORWARDED_FOR:
2019-07-08 11:10:06.6539|SSO.Web.BO.CommonUtil|INFO|ipAddress:
2019-07-08 11:10:06.6679|SSO.Web.BO.CommonUtil|INFO|ip:::1
2019-07-08 11:10:07.0389|SSO.Web.Controllers.AccountController|INFO|[Login]finally¡GB0542
2019-07-08 11:10:45.6428|SSO.WebControllers.NavigationController|INFO|[NavigationController][MenuByUser]
2019-07-08 11:10:45.6838|SSO.WebControllers.NavigationController|INFO|[NavigationController][MenuByUser]UserID:B0542
2019-07-08 13:11:28.3021|SSO.Web.MvcApplication|INFO|Application_Start
2019-07-08 13:11:53.9021|SSO.Web.Controllers.AccountController|INFO|[AccountController][Login]
2019-07-08 13:11:53.9191|SSO.Web.Controllers.AccountController|INFO|[AccountController][Login]hasuser:True
2019-07-08 13:11:53.9751|SSO.Web.Controllers.AccountController|INFO|[AccountController][Login]isAuthenticated:False
2019-07-08 13:12:25.7014|SSO.WebControllers.NavigationController|INFO|[NavigationController][MenuByUser]
2019-07-08 13:12:25.7194|SSO.WebControllers.NavigationController|INFO|[NavigationController][MenuByUser]UserID:
2019-07-08 13:13:02.0767|SSO.Web.Controllers.AccountController|INFO|[AccountController][Login]UserId:B0542
2019-07-08 13:13:02.1877|SSO.Web.Controllers.AccountController|INFO|[AccountController][Login]IsValid
2019-07-08 13:13:05.5644|SSO.Web.BO.CommonUtil|INFO|HTTP_X_FORWARDED_FOR:
2019-07-08 13:13:05.5644|SSO.Web.BO.CommonUtil|INFO|ipAddress:
2019-07-08 13:13:05.5864|SSO.Web.BO.CommonUtil|INFO|ip:::1
2019-07-08 13:13:05.8194|SSO.Web.Controllers.AccountController|INFO|[Login]finally¡GB0542
2019-07-08 13:13:27.9029|SSO.WebControllers.NavigationController|INFO|[NavigationController][MenuByUser]
2019-07-08 13:13:27.9159|SSO.WebControllers.NavigationController|INFO|[NavigationController][MenuByUser]UserID:B0542
2019-07-08 16:18:45.9878|SSO.Web.MvcApplication|INFO|Application_Start
2019-07-08 16:19:09.3942|SSO.Web.Controllers.AccountController|INFO|[AccountController][Login]
2019-07-08 16:19:09.4072|SSO.Web.Controllers.AccountController|INFO|[AccountController][Login]hasuser:True
2019-07-08 16:19:09.4292|SSO.Web.Controllers.AccountController|INFO|[AccountController][Login]isAuthenticated:False
2019-07-08 16:21:34.2666|SSO.WebControllers.NavigationController|INFO|[NavigationController][MenuByUser]
2019-07-08 16:21:34.3847|SSO.WebControllers.NavigationController|INFO|[NavigationController][MenuByUser]UserID:
2019-07-08 16:26:48.4461|SSO.Web.Controllers.AccountController|INFO|[AccountController][Login]UserId:B0542
2019-07-08 16:26:48.4901|SSO.Web.Controllers.AccountController|INFO|[AccountController][Login]IsValid
2019-07-08 16:26:52.4515|SSO.Web.BO.CommonUtil|INFO|HTTP_X_FORWARDED_FOR:
2019-07-08 16:26:52.4605|SSO.Web.BO.CommonUtil|INFO|ipAddress:
2019-07-08 16:26:52.4705|SSO.Web.BO.CommonUtil|INFO|ip:::1
2019-07-08 16:26:52.6855|SSO.Web.Controllers.AccountController|INFO|[Login]finally¡GB0542
2019-07-08 16:27:52.5715|SSO.WebControllers.NavigationController|INFO|[NavigationController][MenuByUser]
2019-07-08 16:27:52.6625|SSO.WebControllers.NavigationController|INFO|[NavigationController][MenuByUser]UserID:B0542
2019-07-08 16:41:21.5060|SSO.Web.MvcApplication|INFO|Application_Start
2019-07-08 16:41:29.5500|SSO.Web.Controllers.AccountController|INFO|[AccountController][Login]
2019-07-08 16:41:29.5650|SSO.Web.Controllers.AccountController|INFO|[AccountController][Login]hasuser:True
2019-07-08 16:41:29.5890|SSO.Web.Controllers.AccountController|INFO|[AccountController][Login]isAuthenticated:False
2019-07-08 16:41:54.3490|SSO.WebControllers.NavigationController|INFO|[NavigationController][MenuByUser]
2019-07-08 16:41:54.4310|SSO.WebControllers.NavigationController|INFO|[NavigationController][MenuByUser]UserID:
2019-07-08 16:42:41.8580|SSO.Web.Controllers.AccountController|INFO|[AccountController][Login]UserId:B0542
2019-07-08 16:42:41.8870|SSO.Web.Controllers.AccountController|INFO|[AccountController][Login]IsValid
2019-07-08 16:42:47.4310|SSO.Web.BO.CommonUtil|INFO|HTTP_X_FORWARDED_FOR:
2019-07-08 16:42:47.4310|SSO.Web.BO.CommonUtil|INFO|ipAddress:
2019-07-08 16:42:47.4610|SSO.Web.BO.CommonUtil|INFO|ip:::1
2019-07-08 16:42:48.0840|SSO.Web.Controllers.AccountController|INFO|[Login]finally¡GB0542
2019-07-08 16:42:49.0200|SSO.WebControllers.NavigationController|INFO|[NavigationController][MenuByUser]
2019-07-08 16:42:49.0330|SSO.WebControllers.NavigationController|INFO|[NavigationController][MenuByUser]UserID:B0542
2019-07-08 18:52:46.3897|SSO.Web.MvcApplication|INFO|Application_Start
2019-07-08 18:52:57.0528|SSO.Web.Controllers.AccountController|INFO|[AccountController][Login]
2019-07-08 18:52:57.0738|SSO.Web.Controllers.AccountController|INFO|[AccountController][Login]hasuser:True
2019-07-08 18:52:57.1208|SSO.Web.Controllers.AccountController|INFO|[AccountController][Login]isAuthenticated:False
2019-07-08 18:53:36.1387|SSO.WebControllers.NavigationController|INFO|[NavigationController][MenuByUser]
2019-07-08 18:53:36.1997|SSO.WebControllers.NavigationController|INFO|[NavigationController][MenuByUser]UserID:
2019-07-08 18:53:48.1909|SSO.Web.Controllers.AccountController|INFO|[AccountController][Login]UserId:B0542
2019-07-08 18:53:48.2349|SSO.Web.Controllers.AccountController|INFO|[AccountController][Login]IsValid
2019-07-08 18:53:51.9083|SSO.Web.BO.CommonUtil|INFO|HTTP_X_FORWARDED_FOR:
2019-07-08 18:53:51.9193|SSO.Web.BO.CommonUtil|INFO|ipAddress:
2019-07-08 18:53:51.9313|SSO.Web.BO.CommonUtil|INFO|ip:::1
2019-07-08 18:53:52.0593|SSO.Web.Controllers.AccountController|INFO|[Login]finally¡GB0542
2019-07-08 18:54:03.1164|SSO.WebControllers.NavigationController|INFO|[NavigationController][MenuByUser]
2019-07-08 18:54:03.1324|SSO.WebControllers.NavigationController|INFO|[NavigationController][MenuByUser]UserID:B0542
