2019-07-11 10:02:08.9048|SSO.Web.MvcApplication|INFO|Application_Start
2019-07-11 10:02:22.2183|SSO.Web.Controllers.AccountController|INFO|[AccountController][Login]
2019-07-11 10:02:22.2303|SSO.Web.Controllers.AccountController|INFO|[AccountController][Login]hasuser:True
2019-07-11 10:02:22.2413|SSO.Web.Controllers.AccountController|INFO|[AccountController][Login]isAuthenticated:False
2019-07-11 10:02:50.7430|SSO.WebControllers.NavigationController|INFO|[NavigationController][MenuByUser]
2019-07-11 10:02:50.8041|SSO.WebControllers.NavigationController|INFO|[NavigationController][MenuByUser]UserID:
2019-07-11 10:03:03.1673|SSO.Web.Controllers.AccountController|INFO|[AccountController][Login]UserId:B0542
2019-07-11 10:03:03.1783|SSO.Web.Controllers.AccountController|INFO|[AccountController][Login]IsValid
2019-07-11 10:03:10.0863|SSO.Web.BO.CommonUtil|INFO|HTTP_X_FORWARDED_FOR:
2019-07-11 10:03:10.1123|SSO.Web.BO.CommonUtil|INFO|ipAddress:
2019-07-11 10:03:10.1313|SSO.Web.BO.CommonUtil|INFO|ip:::1
2019-07-11 10:03:10.3454|SSO.Web.Controllers.AccountController|INFO|[Login]finally¡GB0542
2019-07-11 10:03:20.8505|SSO.WebControllers.NavigationController|INFO|[NavigationController][MenuByUser]
2019-07-11 10:03:20.8615|SSO.WebControllers.NavigationController|INFO|[NavigationController][MenuByUser]UserID:B0542
2019-07-11 10:37:52.1172|SSO.Web.MvcApplication|INFO|Application_Start
2019-07-11 10:38:16.6162|SSO.Web.Controllers.AccountController|INFO|[AccountController][Login]
2019-07-11 10:38:16.7232|SSO.Web.Controllers.AccountController|INFO|[AccountController][Login]hasuser:True
2019-07-11 10:38:16.7322|SSO.Web.Controllers.AccountController|INFO|[AccountController][Login]isAuthenticated:False
2019-07-11 10:39:06.1992|SSO.WebControllers.NavigationController|INFO|[NavigationController][MenuByUser]
2019-07-11 10:39:06.2402|SSO.WebControllers.NavigationController|INFO|[NavigationController][MenuByUser]UserID:B0542
2019-07-11 10:39:06.2562|SSO.WebControllers.NavigationController|INFO|[NavigationController][MenuByUser]menuSystem.Collections.Generic.List`1[SSO.Web.ViewModels.MenuModel]
2019-07-11 10:40:08.0948|SSO.Web.Controllers.AccountController|INFO|[AccountController][Login]UserId:B0542
2019-07-11 10:40:08.1328|SSO.Web.Controllers.AccountController|INFO|[AccountController][Login]IsValid
2019-07-11 10:40:11.5138|SSO.Web.BO.CommonUtil|INFO|HTTP_X_FORWARDED_FOR:
2019-07-11 10:40:11.5238|SSO.Web.BO.CommonUtil|INFO|ipAddress:
2019-07-11 10:40:11.5238|SSO.Web.BO.CommonUtil|INFO|ip:::1
2019-07-11 10:40:11.7048|SSO.Web.Controllers.AccountController|INFO|[Login]finally¡GB0542
2019-07-11 10:40:34.3228|SSO.WebControllers.NavigationController|INFO|[NavigationController][MenuByUser]
2019-07-11 10:40:34.3458|SSO.WebControllers.NavigationController|INFO|[NavigationController][MenuByUser]UserID:B0542
2019-07-11 10:49:21.7884|SSO.Web.MvcApplication|INFO|Application_Start
2019-07-11 10:49:23.4136|SSO.Web.Controllers.AccountController|INFO|[AccountController][Login]
2019-07-11 10:49:23.4266|SSO.Web.Controllers.AccountController|INFO|[AccountController][Login]hasuser:True
2019-07-11 10:49:23.4396|SSO.Web.Controllers.AccountController|INFO|[AccountController][Login]isAuthenticated:False
2019-07-11 10:49:43.6856|SSO.WebControllers.NavigationController|INFO|[NavigationController][MenuByUser]
2019-07-11 10:49:43.7056|SSO.WebControllers.NavigationController|INFO|[NavigationController][MenuByUser]UserID:
2019-07-11 10:49:57.9815|SSO.Web.Controllers.AccountController|INFO|[AccountController][Login]UserId:B0542
2019-07-11 10:49:57.9985|SSO.Web.Controllers.AccountController|INFO|[AccountController][Login]IsValid
2019-07-11 10:50:01.4439|SSO.Web.BO.CommonUtil|INFO|HTTP_X_FORWARDED_FOR:
2019-07-11 10:50:01.4439|SSO.Web.BO.CommonUtil|INFO|ipAddress:
2019-07-11 10:50:01.4629|SSO.Web.BO.CommonUtil|INFO|ip:::1
2019-07-11 10:50:02.0809|SSO.Web.Controllers.AccountController|INFO|[Login]finally¡GB0542
2019-07-11 10:50:02.6600|SSO.WebControllers.NavigationController|INFO|[NavigationController][MenuByUser]
2019-07-11 10:50:02.6600|SSO.WebControllers.NavigationController|INFO|[NavigationController][MenuByUser]UserID:B0542
2019-07-11 10:52:42.8372|SSO.WebControllers.NavigationController|INFO|[NavigationController][MenuByUser]
2019-07-11 10:52:42.8472|SSO.WebControllers.NavigationController|INFO|[NavigationController][MenuByUser]UserID:B0542
2019-07-11 10:52:42.8582|SSO.WebControllers.NavigationController|INFO|[NavigationController][MenuByUser]menuSystem.Collections.Generic.List`1[SSO.Web.ViewModels.MenuModel]
2019-07-11 11:08:35.7246|SSO.Web.MvcApplication|INFO|Application_Start
2019-07-11 11:08:37.4058|SSO.Web.Controllers.AccountController|INFO|[AccountController][Login]
2019-07-11 11:08:37.4188|SSO.Web.Controllers.AccountController|INFO|[AccountController][Login]hasuser:True
2019-07-11 11:08:37.4188|SSO.Web.Controllers.AccountController|INFO|[AccountController][Login]isAuthenticated:False
2019-07-11 11:08:49.2820|SSO.WebControllers.NavigationController|INFO|[NavigationController][MenuByUser]
2019-07-11 11:08:49.2970|SSO.WebControllers.NavigationController|INFO|[NavigationController][MenuByUser]UserID:
2019-07-11 11:09:05.3687|SSO.Web.Controllers.AccountController|INFO|[AccountController][Login]UserId:B0542
2019-07-11 11:09:05.3797|SSO.Web.Controllers.AccountController|INFO|[AccountController][Login]IsValid
2019-07-11 11:09:07.5980|SSO.Web.BO.CommonUtil|INFO|HTTP_X_FORWARDED_FOR:
2019-07-11 11:09:07.6100|SSO.Web.BO.CommonUtil|INFO|ipAddress:
2019-07-11 11:09:07.6100|SSO.Web.BO.CommonUtil|INFO|ip:::1
2019-07-11 11:09:07.8330|SSO.Web.Controllers.AccountController|INFO|[Login]finally¡GB0542
2019-07-11 11:09:08.5090|SSO.WebControllers.NavigationController|INFO|[NavigationController][MenuByUser]
2019-07-11 11:09:08.5090|SSO.WebControllers.NavigationController|INFO|[NavigationController][MenuByUser]UserID:B0542
2019-07-11 11:09:48.7372|SSO.WebControllers.NavigationController|INFO|[NavigationController][MenuByUser]
2019-07-11 11:09:48.7472|SSO.WebControllers.NavigationController|INFO|[NavigationController][MenuByUser]UserID:B0542
2019-07-11 11:09:48.7832|SSO.WebControllers.NavigationController|INFO|[NavigationController][MenuByUser]menuSystem.Collections.Generic.List`1[SSO.Web.ViewModels.MenuModel]
2019-07-11 11:23:58.8014|SSO.Web.MvcApplication|INFO|Application_Start
2019-07-11 11:24:09.6845|SSO.Web.Controllers.AccountController|INFO|[AccountController][Login]
2019-07-11 11:24:09.6995|SSO.Web.Controllers.AccountController|INFO|[AccountController][Login]hasuser:True
2019-07-11 11:24:09.7115|SSO.Web.Controllers.AccountController|INFO|[AccountController][Login]isAuthenticated:True
2019-07-11 11:24:28.8624|SSO.WebControllers.NavigationController|INFO|[NavigationController][MenuByUser]
2019-07-11 11:24:29.0294|SSO.WebControllers.NavigationController|INFO|[NavigationController][MenuByUser]UserID:B0542
2019-07-11 11:24:29.1035|SSO.WebControllers.NavigationController|INFO|[NavigationController][MenuByUser]menuSystem.Collections.Generic.List`1[SSO.Web.ViewModels.MenuModel]
2019-07-11 11:26:32.7316|SSO.WebControllers.NavigationController|INFO|[NavigationController][MenuByUser]
2019-07-11 11:26:32.7666|SSO.WebControllers.NavigationController|INFO|[NavigationController][MenuByUser]UserID:B0542
2019-07-11 11:26:32.7856|SSO.WebControllers.NavigationController|INFO|[NavigationController][MenuByUser]menuSystem.Collections.Generic.List`1[SSO.Web.ViewModels.MenuModel]
2019-07-11 11:55:01.8953|SSO.Web.MvcApplication|INFO|Application_Start
2019-07-11 11:55:11.9263|SSO.Web.Controllers.AccountController|INFO|[AccountController][Login]
2019-07-11 11:55:12.0784|SSO.Web.Controllers.AccountController|INFO|[AccountController][Login]hasuser:True
2019-07-11 11:55:12.1064|SSO.Web.Controllers.AccountController|INFO|[AccountController][Login]isAuthenticated:False
2019-07-11 11:55:43.9545|SSO.WebControllers.NavigationController|INFO|[NavigationController][MenuByUser]
2019-07-11 11:55:43.9825|SSO.WebControllers.NavigationController|INFO|[NavigationController][MenuByUser]UserID:
2019-07-11 11:56:09.2329|SSO.Web.Controllers.AccountController|INFO|[AccountController][Login]UserId:B0542
2019-07-11 11:56:09.2469|SSO.Web.Controllers.AccountController|INFO|[AccountController][Login]IsValid
2019-07-11 11:56:12.3042|SSO.Web.BO.CommonUtil|INFO|HTTP_X_FORWARDED_FOR:
2019-07-11 11:56:12.3152|SSO.Web.BO.CommonUtil|INFO|ipAddress:
2019-07-11 11:56:12.3262|SSO.Web.BO.CommonUtil|INFO|ip:::1
2019-07-11 11:56:12.9153|SSO.Web.Controllers.AccountController|INFO|[Login]finally¡GB0542
2019-07-11 11:56:17.9428|SSO.WebControllers.NavigationController|INFO|[NavigationController][MenuByUser]
2019-07-11 11:56:17.9658|SSO.WebControllers.NavigationController|INFO|[NavigationController][MenuByUser]UserID:B0542
2019-07-11 13:51:15.4473|SSO.Web.MvcApplication|INFO|Application_Start
2019-07-11 13:51:42.5880|SSO.Web.Controllers.AccountController|INFO|[AccountController][Login]
2019-07-11 13:51:42.5880|SSO.Web.Controllers.AccountController|INFO|[AccountController][Login]hasuser:True
2019-07-11 13:51:42.6130|SSO.Web.Controllers.AccountController|INFO|[AccountController][Login]isAuthenticated:False
2019-07-11 13:52:54.9034|SSO.WebControllers.NavigationController|INFO|[NavigationController][MenuByUser]
2019-07-11 13:52:55.0934|SSO.WebControllers.NavigationController|INFO|[NavigationController][MenuByUser]UserID:
2019-07-11 13:53:06.7768|SSO.Web.Controllers.AccountController|INFO|[AccountController][Login]UserId:B0542
2019-07-11 13:53:06.7878|SSO.Web.Controllers.AccountController|INFO|[AccountController][Login]IsValid
2019-07-11 13:53:10.3882|SSO.Web.BO.CommonUtil|INFO|HTTP_X_FORWARDED_FOR:
2019-07-11 13:53:10.4032|SSO.Web.BO.CommonUtil|INFO|ipAddress:
2019-07-11 13:53:10.4222|SSO.Web.BO.CommonUtil|INFO|ip:::1
2019-07-11 13:53:11.0692|SSO.Web.Controllers.AccountController|INFO|[Login]finally¡GB0542
2019-07-11 13:53:24.9696|SSO.WebControllers.NavigationController|INFO|[NavigationController][MenuByUser]
2019-07-11 13:53:25.0156|SSO.WebControllers.NavigationController|INFO|[NavigationController][MenuByUser]UserID:B0542
2019-07-11 14:46:27.6825|SSO.Web.MvcApplication|INFO|Application_Start
2019-07-11 14:46:52.5260|SSO.Web.Controllers.AccountController|INFO|[AccountController][Login]
2019-07-11 14:46:52.6160|SSO.Web.Controllers.AccountController|INFO|[AccountController][Login]hasuser:True
2019-07-11 14:46:52.6160|SSO.Web.Controllers.AccountController|INFO|[AccountController][Login]isAuthenticated:True
2019-07-11 14:47:23.6601|SSO.WebControllers.NavigationController|INFO|[NavigationController][MenuByUser]
2019-07-11 14:47:23.6601|SSO.WebControllers.NavigationController|INFO|[NavigationController][MenuByUser]UserID:B0542
2019-07-11 14:47:23.6811|SSO.WebControllers.NavigationController|INFO|[NavigationController][MenuByUser]menuSystem.Collections.Generic.List`1[SSO.Web.ViewModels.MenuModel]
2019-07-11 15:03:49.6167|SSO.Web.MvcApplication|INFO|Application_Start
2019-07-11 15:04:11.7159|SSO.Web.Controllers.AccountController|INFO|[AccountController][Login]
2019-07-11 15:04:11.7679|SSO.Web.Controllers.AccountController|INFO|[AccountController][Login]hasuser:True
2019-07-11 15:04:11.7859|SSO.Web.Controllers.AccountController|INFO|[AccountController][Login]isAuthenticated:True
2019-07-11 15:05:27.0064|SSO.WebControllers.NavigationController|INFO|[NavigationController][MenuByUser]
2019-07-11 15:05:27.0654|SSO.WebControllers.NavigationController|INFO|[NavigationController][MenuByUser]UserID:B0542
2019-07-11 15:05:27.0804|SSO.WebControllers.NavigationController|INFO|[NavigationController][MenuByUser]menuSystem.Collections.Generic.List`1[SSO.Web.ViewModels.MenuModel]
2019-07-11 15:41:12.8199|SSO.Web.MvcApplication|INFO|Application_Start
2019-07-11 15:41:15.8015|SSO.Web.Controllers.AccountController|INFO|[AccountController][Login]
2019-07-11 15:41:15.8195|SSO.Web.Controllers.AccountController|INFO|[AccountController][Login]hasuser:True
2019-07-11 15:41:15.8385|SSO.Web.Controllers.AccountController|INFO|[AccountController][Login]isAuthenticated:False
2019-07-11 15:41:52.5569|SSO.WebControllers.NavigationController|INFO|[NavigationController][MenuByUser]
2019-07-11 15:41:52.6159|SSO.WebControllers.NavigationController|INFO|[NavigationController][MenuByUser]UserID:
2019-07-11 15:42:50.1434|SSO.Web.Controllers.AccountController|INFO|[AccountController][Login]UserId:B0542
2019-07-11 15:42:50.1944|SSO.Web.Controllers.AccountController|INFO|[AccountController][Login]IsValid
2019-07-11 15:42:52.4537|SSO.Web.BO.CommonUtil|INFO|HTTP_X_FORWARDED_FOR:
2019-07-11 15:42:52.4537|SSO.Web.BO.CommonUtil|INFO|ipAddress:
2019-07-11 15:42:52.4737|SSO.Web.BO.CommonUtil|INFO|ip:::1
2019-07-11 15:42:52.6807|SSO.Web.Controllers.AccountController|INFO|[Login]finally¡GB0542
2019-07-11 15:42:52.9437|SSO.WebControllers.NavigationController|INFO|[NavigationController][MenuByUser]
2019-07-11 15:42:52.9547|SSO.WebControllers.NavigationController|INFO|[NavigationController][MenuByUser]UserID:B0542
2019-07-11 16:52:04.1605|SSO.Web.MvcApplication|INFO|Application_Start
2019-07-11 16:52:34.1955|SSO.Web.Controllers.AccountController|INFO|[AccountController][Login]
2019-07-11 16:52:34.2105|SSO.Web.Controllers.AccountController|INFO|[AccountController][Login]hasuser:True
2019-07-11 16:52:34.2235|SSO.Web.Controllers.AccountController|INFO|[AccountController][Login]isAuthenticated:False
2019-07-11 16:53:54.6705|SSO.WebControllers.NavigationController|INFO|[NavigationController][MenuByUser]
2019-07-11 16:53:54.9435|SSO.WebControllers.NavigationController|INFO|[NavigationController][MenuByUser]UserID:
2019-07-11 16:54:12.3553|SSO.Web.Controllers.AccountController|INFO|[AccountController][Login]UserId:B0542
2019-07-11 16:54:12.3853|SSO.Web.Controllers.AccountController|INFO|[AccountController][Login]IsValid
2019-07-11 16:54:17.7583|SSO.Web.BO.CommonUtil|INFO|HTTP_X_FORWARDED_FOR:
2019-07-11 16:54:17.7693|SSO.Web.BO.CommonUtil|INFO|ipAddress:
2019-07-11 16:54:17.7803|SSO.Web.BO.CommonUtil|INFO|ip:::1
2019-07-11 16:54:18.2783|SSO.Web.Controllers.AccountController|INFO|[Login]finally¡GB0542
2019-07-11 16:54:55.3905|SSO.WebControllers.NavigationController|INFO|[NavigationController][MenuByUser]
2019-07-11 16:54:55.4815|SSO.WebControllers.NavigationController|INFO|[NavigationController][MenuByUser]UserID:B0542
2019-07-11 17:02:07.1267|SSO.Web.MvcApplication|INFO|Application_Start
2019-07-11 17:02:15.2327|SSO.Web.Controllers.AccountController|INFO|[AccountController][Login]
2019-07-11 17:02:15.2427|SSO.Web.Controllers.AccountController|INFO|[AccountController][Login]hasuser:True
2019-07-11 17:02:15.2537|SSO.Web.Controllers.AccountController|INFO|[AccountController][Login]isAuthenticated:False
2019-07-11 17:02:46.9557|SSO.WebControllers.NavigationController|INFO|[NavigationController][MenuByUser]
2019-07-11 17:02:47.0067|SSO.WebControllers.NavigationController|INFO|[NavigationController][MenuByUser]UserID:
2019-07-11 17:03:02.9595|SSO.Web.Controllers.AccountController|INFO|[AccountController][Login]UserId:B0542
2019-07-11 17:03:02.9595|SSO.Web.Controllers.AccountController|INFO|[AccountController][Login]IsValid
2019-07-11 17:03:06.3455|SSO.Web.BO.CommonUtil|INFO|HTTP_X_FORWARDED_FOR:
2019-07-11 17:03:06.3455|SSO.Web.BO.CommonUtil|INFO|ipAddress:
2019-07-11 17:03:06.3665|SSO.Web.BO.CommonUtil|INFO|ip:::1
2019-07-11 17:03:06.5515|SSO.Web.Controllers.AccountController|INFO|[Login]finally¡GB0542
2019-07-11 17:03:23.5647|SSO.WebControllers.NavigationController|INFO|[NavigationController][MenuByUser]
2019-07-11 17:03:23.5647|SSO.WebControllers.NavigationController|INFO|[NavigationController][MenuByUser]UserID:B0542
2019-07-11 17:05:35.8561|SSO.WebControllers.NavigationController|INFO|[NavigationController][MenuByUser]
2019-07-11 17:05:35.9031|SSO.WebControllers.NavigationController|INFO|[NavigationController][MenuByUser]UserID:B0542
2019-07-11 17:05:35.9191|SSO.WebControllers.NavigationController|INFO|[NavigationController][MenuByUser]menuSystem.Collections.Generic.List`1[SSO.Web.ViewModels.MenuModel]
