2019-07-09 09:28:08.1076|SSO.Web.MvcApplication|INFO|Application_Start
2019-07-09 09:28:20.6423|SSO.Web.Controllers.AccountController|INFO|[AccountController][Login]
2019-07-09 09:28:20.6743|SSO.Web.Controllers.AccountController|INFO|[AccountController][Login]hasuser:True
2019-07-09 09:28:20.6823|SSO.Web.Controllers.AccountController|INFO|[AccountController][Login]isAuthenticated:False
2019-07-09 09:29:01.0584|SSO.WebControllers.NavigationController|INFO|[NavigationController][MenuByUser]
2019-07-09 09:29:01.1155|SSO.WebControllers.NavigationController|INFO|[NavigationController][MenuByUser]UserID:
2019-07-09 09:30:08.1369|SSO.Web.Controllers.AccountController|INFO|[AccountController][Login]UserId:B0542
2019-07-09 09:30:08.1449|SSO.Web.Controllers.AccountController|INFO|[AccountController][Login]IsValid
2019-07-09 09:30:13.1384|SSO.Web.BO.CommonUtil|INFO|HTTP_X_FORWARDED_FOR:
2019-07-09 09:30:13.1564|SSO.Web.BO.CommonUtil|INFO|ipAddress:
2019-07-09 09:30:13.1674|SSO.Web.BO.CommonUtil|INFO|ip:::1
2019-07-09 09:30:13.4815|SSO.Web.Controllers.AccountController|INFO|[Login]finally¡GB0542
2019-07-09 09:30:28.0689|SSO.WebControllers.NavigationController|INFO|[NavigationController][MenuByUser]
2019-07-09 09:30:28.1069|SSO.WebControllers.NavigationController|INFO|[NavigationController][MenuByUser]UserID:B0542
2019-07-09 09:41:41.5092|SSO.Web.MvcApplication|INFO|Application_Start
2019-07-09 09:42:29.5340|SSO.Web.Controllers.AccountController|INFO|[AccountController][Login]
2019-07-09 09:42:29.5870|SSO.Web.Controllers.AccountController|INFO|[AccountController][Login]hasuser:True
2019-07-09 09:42:29.6040|SSO.Web.Controllers.AccountController|INFO|[AccountController][Login]isAuthenticated:True
2019-07-09 09:43:13.1264|SSO.WebControllers.NavigationController|INFO|[NavigationController][MenuByUser]
2019-07-09 09:43:13.1744|SSO.WebControllers.NavigationController|INFO|[NavigationController][MenuByUser]UserID:B0542
2019-07-09 09:43:13.1874|SSO.WebControllers.NavigationController|INFO|[NavigationController][MenuByUser]menuSystem.Collections.Generic.List`1[SSO.Web.ViewModels.MenuModel]
2019-07-09 09:55:04.8543|SSO.Web.MvcApplication|INFO|Application_Start
2019-07-09 09:55:30.4613|SSO.Web.Controllers.AccountController|INFO|[AccountController][Login]
2019-07-09 09:55:30.4743|SSO.Web.Controllers.AccountController|INFO|[AccountController][Login]hasuser:True
2019-07-09 09:55:30.4743|SSO.Web.Controllers.AccountController|INFO|[AccountController][Login]isAuthenticated:True
2019-07-09 09:55:51.1153|SSO.WebControllers.NavigationController|INFO|[NavigationController][MenuByUser]
2019-07-09 09:55:51.1273|SSO.WebControllers.NavigationController|INFO|[NavigationController][MenuByUser]UserID:B0542
2019-07-09 09:55:51.1383|SSO.WebControllers.NavigationController|INFO|[NavigationController][MenuByUser]menuSystem.Collections.Generic.List`1[SSO.Web.ViewModels.MenuModel]
2019-07-09 10:01:25.0871|SSO.WebControllers.NavigationController|INFO|[NavigationController][MenuByUser]
2019-07-09 10:01:25.1161|SSO.WebControllers.NavigationController|INFO|[NavigationController][MenuByUser]UserID:B0542
2019-07-09 10:01:25.1571|SSO.WebControllers.NavigationController|INFO|[NavigationController][MenuByUser]menuSystem.Collections.Generic.List`1[SSO.Web.ViewModels.MenuModel]
2019-07-09 10:02:58.9466|SSO.WebControllers.NavigationController|INFO|[NavigationController][MenuByUser]
2019-07-09 10:02:58.9576|SSO.WebControllers.NavigationController|INFO|[NavigationController][MenuByUser]UserID:B0542
2019-07-09 10:02:58.9716|SSO.WebControllers.NavigationController|INFO|[NavigationController][MenuByUser]menuSystem.Collections.Generic.List`1[SSO.Web.ViewModels.MenuModel]
2019-07-09 10:15:38.3759|SSO.Web.MvcApplication|INFO|Application_Start
2019-07-09 10:15:59.7350|SSO.Web.Controllers.AccountController|INFO|[AccountController][Login]
2019-07-09 10:15:59.7480|SSO.Web.Controllers.AccountController|INFO|[AccountController][Login]hasuser:True
2019-07-09 10:15:59.7590|SSO.Web.Controllers.AccountController|INFO|[AccountController][Login]isAuthenticated:True
2019-07-09 10:16:18.6589|SSO.WebControllers.NavigationController|INFO|[NavigationController][MenuByUser]
2019-07-09 10:16:18.6719|SSO.WebControllers.NavigationController|INFO|[NavigationController][MenuByUser]UserID:B0542
2019-07-09 10:16:18.6849|SSO.WebControllers.NavigationController|INFO|[NavigationController][MenuByUser]menuSystem.Collections.Generic.List`1[SSO.Web.ViewModels.MenuModel]
2019-07-09 10:25:00.4210|SSO.WebControllers.NavigationController|INFO|[NavigationController][MenuByUser]
2019-07-09 10:25:00.4700|SSO.WebControllers.NavigationController|INFO|[NavigationController][MenuByUser]UserID:B0542
2019-07-09 10:25:00.4850|SSO.WebControllers.NavigationController|INFO|[NavigationController][MenuByUser]menuSystem.Collections.Generic.List`1[SSO.Web.ViewModels.MenuModel]
2019-07-09 10:26:38.9544|SSO.WebControllers.NavigationController|INFO|[NavigationController][MenuByUser]
2019-07-09 10:26:39.5634|SSO.WebControllers.NavigationController|INFO|[NavigationController][MenuByUser]UserID:B0542
2019-07-09 10:26:39.5874|SSO.WebControllers.NavigationController|INFO|[NavigationController][MenuByUser]menuSystem.Collections.Generic.List`1[SSO.Web.ViewModels.MenuModel]
2019-07-09 10:57:58.9804|SSO.Web.MvcApplication|INFO|Application_Start
2019-07-09 10:58:07.6302|SSO.Web.Controllers.AccountController|INFO|[AccountController][Login]
2019-07-09 10:58:07.6382|SSO.Web.Controllers.AccountController|INFO|[AccountController][Login]hasuser:True
2019-07-09 10:58:07.6382|SSO.Web.Controllers.AccountController|INFO|[AccountController][Login]isAuthenticated:False
2019-07-09 10:58:33.4548|SSO.WebControllers.NavigationController|INFO|[NavigationController][MenuByUser]
2019-07-09 10:58:33.5188|SSO.WebControllers.NavigationController|INFO|[NavigationController][MenuByUser]UserID:
2019-07-09 10:59:00.0735|SSO.Web.Controllers.AccountController|INFO|[AccountController][Login]UserId:B0542
2019-07-09 10:59:00.0735|SSO.Web.Controllers.AccountController|INFO|[AccountController][Login]IsValid
2019-07-09 10:59:04.7659|SSO.Web.BO.CommonUtil|INFO|HTTP_X_FORWARDED_FOR:
2019-07-09 10:59:04.7949|SSO.Web.BO.CommonUtil|INFO|ipAddress:
2019-07-09 10:59:04.8069|SSO.Web.BO.CommonUtil|INFO|ip:::1
2019-07-09 10:59:05.2260|SSO.Web.Controllers.AccountController|INFO|[Login]finally¡GB0542
2019-07-09 10:59:19.2504|SSO.WebControllers.NavigationController|INFO|[NavigationController][MenuByUser]
2019-07-09 10:59:19.2734|SSO.WebControllers.NavigationController|INFO|[NavigationController][MenuByUser]UserID:B0542
2019-07-09 11:15:49.0811|SSO.WebControllers.NavigationController|INFO|[NavigationController][MenuByUser]
2019-07-09 11:15:49.1401|SSO.WebControllers.NavigationController|INFO|[NavigationController][MenuByUser]UserID:B0542
2019-07-09 11:15:49.1501|SSO.WebControllers.NavigationController|INFO|[NavigationController][MenuByUser]menuSystem.Collections.Generic.List`1[SSO.Web.ViewModels.MenuModel]
2019-07-09 11:35:18.7303|SSO.WebControllers.NavigationController|INFO|[NavigationController][MenuByUser]
2019-07-09 11:35:18.8343|SSO.WebControllers.NavigationController|INFO|[NavigationController][MenuByUser]UserID:B0542
2019-07-09 11:35:18.8543|SSO.WebControllers.NavigationController|INFO|[NavigationController][MenuByUser]menuSystem.Collections.Generic.List`1[SSO.Web.ViewModels.MenuModel]
2019-07-09 15:48:19.6128|SSO.Web.MvcApplication|INFO|Application_Start
2019-07-09 15:48:34.0623|SSO.Web.Controllers.AccountController|INFO|[AccountController][Login]
2019-07-09 15:48:34.0773|SSO.Web.Controllers.AccountController|INFO|[AccountController][Login]hasuser:True
2019-07-09 15:48:34.0913|SSO.Web.Controllers.AccountController|INFO|[AccountController][Login]isAuthenticated:False
2019-07-09 15:49:03.3452|SSO.WebControllers.NavigationController|INFO|[NavigationController][MenuByUser]
2019-07-09 15:49:03.4392|SSO.WebControllers.NavigationController|INFO|[NavigationController][MenuByUser]UserID:
2019-07-09 15:49:14.4288|SSO.Web.Controllers.AccountController|INFO|[AccountController][Login]UserId:B0542
2019-07-09 15:49:14.4288|SSO.Web.Controllers.AccountController|INFO|[AccountController][Login]IsValid
2019-07-09 15:49:17.8542|SSO.Web.BO.CommonUtil|INFO|HTTP_X_FORWARDED_FOR:
2019-07-09 15:49:17.8672|SSO.Web.BO.CommonUtil|INFO|ipAddress:
2019-07-09 15:49:17.8772|SSO.Web.BO.CommonUtil|INFO|ip:::1
2019-07-09 15:49:18.0572|SSO.Web.Controllers.AccountController|INFO|[Login]finally¡GB0542
2019-07-09 15:49:24.8359|SSO.WebControllers.NavigationController|INFO|[NavigationController][MenuByUser]
2019-07-09 15:49:24.8359|SSO.WebControllers.NavigationController|INFO|[NavigationController][MenuByUser]UserID:B0542
2019-07-09 16:08:54.7039|SSO.Web.MvcApplication|INFO|Application_Start
2019-07-09 16:09:04.9249|SSO.Web.Controllers.AccountController|INFO|[AccountController][Login]
2019-07-09 16:09:04.9459|SSO.Web.Controllers.AccountController|INFO|[AccountController][Login]hasuser:True
2019-07-09 16:09:04.9629|SSO.Web.Controllers.AccountController|INFO|[AccountController][Login]isAuthenticated:False
2019-07-09 16:09:44.9819|SSO.WebControllers.NavigationController|INFO|[NavigationController][MenuByUser]
2019-07-09 16:09:44.9999|SSO.WebControllers.NavigationController|INFO|[NavigationController][MenuByUser]UserID:
2019-07-09 16:10:09.6523|SSO.Web.Controllers.AccountController|INFO|[AccountController][Login]UserId:B0542
2019-07-09 16:10:09.6773|SSO.Web.Controllers.AccountController|INFO|[AccountController][Login]IsValid
2019-07-09 16:10:14.5478|SSO.Web.BO.CommonUtil|INFO|HTTP_X_FORWARDED_FOR:
2019-07-09 16:10:14.5598|SSO.Web.BO.CommonUtil|INFO|ipAddress:
2019-07-09 16:10:14.5768|SSO.Web.BO.CommonUtil|INFO|ip:::1
2019-07-09 16:10:14.7388|SSO.Web.Controllers.AccountController|INFO|[Login]finally¡GB0542
2019-07-09 16:10:24.8668|SSO.WebControllers.NavigationController|INFO|[NavigationController][MenuByUser]
2019-07-09 16:10:24.8788|SSO.WebControllers.NavigationController|INFO|[NavigationController][MenuByUser]UserID:B0542
2019-07-09 16:12:40.5033|SSO.WebControllers.NavigationController|INFO|[NavigationController][MenuByUser]
2019-07-09 16:12:40.6043|SSO.WebControllers.NavigationController|INFO|[NavigationController][MenuByUser]UserID:B0542
2019-07-09 16:12:40.6223|SSO.WebControllers.NavigationController|INFO|[NavigationController][MenuByUser]menuSystem.Collections.Generic.List`1[SSO.Web.ViewModels.MenuModel]
2019-07-09 16:17:22.9672|SSO.WebControllers.NavigationController|INFO|[NavigationController][MenuByUser]
2019-07-09 16:17:23.0912|SSO.WebControllers.NavigationController|INFO|[NavigationController][MenuByUser]UserID:B0542
2019-07-09 16:17:23.1022|SSO.WebControllers.NavigationController|INFO|[NavigationController][MenuByUser]menuSystem.Collections.Generic.List`1[SSO.Web.ViewModels.MenuModel]
2019-07-09 16:25:49.5988|SSO.Web.MvcApplication|INFO|Application_Start
2019-07-09 16:25:59.5858|SSO.Web.Controllers.AccountController|INFO|[AccountController][Login]
2019-07-09 16:25:59.6028|SSO.Web.Controllers.AccountController|INFO|[AccountController][Login]hasuser:True
2019-07-09 16:25:59.6228|SSO.Web.Controllers.AccountController|INFO|[AccountController][Login]isAuthenticated:False
2019-07-09 16:26:33.4978|SSO.WebControllers.NavigationController|INFO|[NavigationController][MenuByUser]
2019-07-09 16:26:33.4978|SSO.WebControllers.NavigationController|INFO|[NavigationController][MenuByUser]UserID:
2019-07-09 16:26:48.4992|SSO.Web.Controllers.AccountController|INFO|[AccountController][Login]UserId:B0542
2019-07-09 16:26:48.5422|SSO.Web.Controllers.AccountController|INFO|[AccountController][Login]IsValid
2019-07-09 16:26:51.6072|SSO.Web.BO.CommonUtil|INFO|HTTP_X_FORWARDED_FOR:
2019-07-09 16:26:51.6182|SSO.Web.BO.CommonUtil|INFO|ipAddress:
2019-07-09 16:26:51.6312|SSO.Web.BO.CommonUtil|INFO|ip:::1
2019-07-09 16:26:51.7082|SSO.Web.Controllers.AccountController|INFO|[Login]finally¡GB0542
2019-07-09 16:26:58.1092|SSO.WebControllers.NavigationController|INFO|[NavigationController][MenuByUser]
2019-07-09 16:26:58.1222|SSO.WebControllers.NavigationController|INFO|[NavigationController][MenuByUser]UserID:B0542
2019-07-09 16:33:57.6676|SSO.WebControllers.NavigationController|INFO|[NavigationController][MenuByUser]
2019-07-09 16:33:57.6966|SSO.WebControllers.NavigationController|INFO|[NavigationController][MenuByUser]UserID:B0542
2019-07-09 16:33:57.7326|SSO.WebControllers.NavigationController|INFO|[NavigationController][MenuByUser]menuSystem.Collections.Generic.List`1[SSO.Web.ViewModels.MenuModel]
